<?xml version="1.0" encoding="UTF-8"?>
<coverage generated="1533112861662" clover="3.2.0">
  <project timestamp="1533112861663" name="All files">
    <metrics statements="240" coveredstatements="240" conditionals="88" coveredconditionals="88" methods="64" coveredmethods="61" elements="392" coveredelements="389" complexity="0" loc="240" ncloc="240" packages="1" files="5" classes="5">
      <file name="DatePicker.js" path="/Users/hanpei/Sites/my-components/src/picker/DatePicker.js">
        <metrics statements="77" coveredstatements="77" conditionals="38" coveredconditionals="38" methods="17" coveredmethods="14"/>
        <line num="32" count="7" type="stmt"/>
        <line num="33" count="7" type="stmt"/>
        <line num="41" count="7" type="cond" truecount="2" falsecount="0"/>
        <line num="42" count="7" type="cond" truecount="2" falsecount="0"/>
        <line num="43" count="7" type="cond" truecount="2" falsecount="0"/>
        <line num="44" count="7" type="stmt"/>
        <line num="45" count="7" type="stmt"/>
        <line num="46" count="7" type="stmt"/>
        <line num="50" count="7" type="stmt"/>
        <line num="68" count="21" type="stmt"/>
        <line num="76" count="7" type="stmt"/>
        <line num="77" count="7" type="stmt"/>
        <line num="78" count="7" type="stmt"/>
        <line num="80" count="7" type="cond" truecount="2" falsecount="0"/>
        <line num="81" count="1" type="stmt"/>
        <line num="83" count="6" type="cond" truecount="2" falsecount="0"/>
        <line num="84" count="1" type="stmt"/>
        <line num="86" count="5" type="stmt"/>
        <line num="91" count="7" type="stmt"/>
        <line num="96" count="7" type="stmt"/>
        <line num="100" count="7" type="stmt"/>
        <line num="101" count="7" type="stmt"/>
        <line num="102" count="7" type="stmt"/>
        <line num="103" count="7" type="stmt"/>
        <line num="104" count="7" type="stmt"/>
        <line num="108" count="7" type="stmt"/>
        <line num="109" count="7" type="stmt"/>
        <line num="110" count="375" type="stmt"/>
        <line num="112" count="7" type="stmt"/>
        <line num="116" count="10" type="stmt"/>
        <line num="117" count="10" type="stmt"/>
        <line num="118" count="10" type="stmt"/>
        <line num="119" count="10" type="cond" truecount="2" falsecount="0"/>
        <line num="120" count="2" type="stmt"/>
        <line num="122" count="10" type="cond" truecount="2" falsecount="0"/>
        <line num="123" count="2" type="stmt"/>
        <line num="126" count="10" type="stmt"/>
        <line num="127" count="120" type="stmt"/>
        <line num="128" count="120" type="stmt"/>
        <line num="130" count="10" type="stmt"/>
        <line num="134" count="13" type="cond" truecount="3" falsecount="0"/>
        <line num="135" count="13" type="stmt"/>
        <line num="136" count="13" type="stmt"/>
        <line num="137" count="13" type="stmt"/>
        <line num="138" count="13" type="cond" truecount="2" falsecount="0"/>
        <line num="139" count="7" type="stmt"/>
        <line num="141" count="13" type="cond" truecount="4" falsecount="0"/>
        <line num="142" count="1" type="stmt"/>
        <line num="144" count="13" type="cond" truecount="4" falsecount="0"/>
        <line num="145" count="5" type="stmt"/>
        <line num="147" count="13" type="stmt"/>
        <line num="148" count="13" type="stmt"/>
        <line num="149" count="13" type="cond" truecount="4" falsecount="0"/>
        <line num="150" count="2" type="stmt"/>
        <line num="152" count="13" type="cond" truecount="4" falsecount="0"/>
        <line num="153" count="2" type="stmt"/>
        <line num="155" count="13" type="stmt"/>
        <line num="156" count="336" type="stmt"/>
        <line num="157" count="336" type="stmt"/>
        <line num="159" count="13" type="stmt"/>
        <line num="163" count="3" type="stmt"/>
        <line num="164" count="3" type="stmt"/>
        <line num="165" count="3" type="stmt"/>
        <line num="166" count="3" type="stmt"/>
        <line num="167" count="3" type="stmt"/>
        <line num="170" count="3" type="stmt"/>
        <line num="171" count="3" type="stmt"/>
        <line num="172" count="3" type="stmt"/>
        <line num="175" count="6" type="stmt"/>
        <line num="176" count="6" type="stmt"/>
        <line num="179" count="12" type="stmt"/>
        <line num="180" count="12" type="stmt"/>
        <line num="182" count="12" type="stmt"/>
        <line num="183" count="12" type="stmt"/>
        <line num="187" count="12" type="stmt"/>
        <line num="197" count="1" type="stmt"/>
        <line num="198" count="1" type="stmt"/>
      </file>
      <file name="Picker.js" path="/Users/hanpei/Sites/my-components/src/picker/Picker.js">
        <metrics statements="32" coveredstatements="32" conditionals="8" coveredconditionals="8" methods="12" coveredmethods="12"/>
        <line num="18" count="26" type="stmt"/>
        <line num="19" count="26" type="stmt"/>
        <line num="24" count="26" type="stmt"/>
        <line num="28" count="26" type="stmt"/>
        <line num="37" count="26" type="cond" truecount="2" falsecount="0"/>
        <line num="38" count="8" type="stmt"/>
        <line num="42" count="8" type="stmt"/>
        <line num="48" count="15" type="stmt"/>
        <line num="52" count="52" type="stmt"/>
        <line num="53" count="52" type="cond" truecount="2" falsecount="0"/>
        <line num="54" count="50" type="stmt"/>
        <line num="56" count="2" type="stmt"/>
        <line num="61" count="8" type="stmt"/>
        <line num="62" count="8" type="stmt"/>
        <line num="64" count="8" type="cond" truecount="2" falsecount="0"/>
        <line num="65" count="5" type="stmt"/>
        <line num="68" count="3" type="cond" truecount="2" falsecount="0"/>
        <line num="70" count="2" type="stmt"/>
        <line num="73" count="1" type="stmt"/>
        <line num="79" count="8" type="stmt"/>
        <line num="81" count="8" type="stmt"/>
        <line num="82" count="8" type="stmt"/>
        <line num="89" count="52" type="stmt"/>
        <line num="90" count="52" type="stmt"/>
        <line num="92" count="52" type="stmt"/>
        <line num="97" count="93" type="stmt"/>
        <line num="107" count="2" type="stmt"/>
        <line num="108" count="52" type="stmt"/>
        <line num="110" count="2" type="stmt"/>
        <line num="115" count="2" type="stmt"/>
        <line num="116" count="52" type="stmt"/>
        <line num="117" count="1184" type="stmt"/>
      </file>
      <file name="Portal.js" path="/Users/hanpei/Sites/my-components/src/picker/Portal.js">
        <metrics statements="11" coveredstatements="11" conditionals="2" coveredconditionals="2" methods="6" coveredmethods="6"/>
        <line num="14" count="1" type="stmt"/>
        <line num="15" count="1" type="stmt"/>
        <line num="16" count="1" type="stmt"/>
        <line num="17" count="1" type="stmt"/>
        <line num="21" count="1" type="stmt"/>
        <line num="25" count="1" type="stmt"/>
        <line num="29" count="2" type="stmt"/>
        <line num="30" count="2" type="stmt"/>
        <line num="51" count="1" type="stmt"/>
        <line num="52" count="1" type="stmt"/>
        <line num="66" count="1" type="stmt"/>
      </file>
      <file name="scroller.js" path="/Users/hanpei/Sites/my-components/src/picker/scroller.js">
        <metrics statements="108" coveredstatements="108" conditionals="35" coveredconditionals="35" methods="27" coveredmethods="27"/>
        <line num="7" count="48" type="stmt"/>
        <line num="8" count="48" type="stmt"/>
        <line num="9" count="48" type="stmt"/>
        <line num="10" count="48" type="stmt"/>
        <line num="11" count="48" type="stmt"/>
        <line num="12" count="48" type="stmt"/>
        <line num="13" count="48" type="stmt"/>
        <line num="14" count="48" type="stmt"/>
        <line num="18" count="84" type="stmt"/>
        <line num="19" count="84" type="stmt"/>
        <line num="23" count="10" type="stmt"/>
        <line num="27" count="94" type="stmt"/>
        <line num="28" count="94" type="stmt"/>
        <line num="32" count="93" type="stmt"/>
        <line num="33" count="93" type="stmt"/>
        <line num="34" count="93" type="stmt"/>
        <line num="35" count="93" type="stmt"/>
        <line num="36" count="93" type="stmt"/>
        <line num="39" count="24" type="stmt"/>
        <line num="40" count="24" type="stmt"/>
        <line num="41" count="24" type="stmt"/>
        <line num="42" count="24" type="stmt"/>
        <line num="43" count="24" type="stmt"/>
        <line num="46" count="6" type="stmt"/>
        <line num="47" count="6" type="stmt"/>
        <line num="49" count="6" type="stmt"/>
        <line num="50" count="6" type="stmt"/>
        <line num="51" count="6" type="stmt"/>
        <line num="54" count="6" type="stmt"/>
        <line num="55" count="6" type="stmt"/>
        <line num="57" count="6" type="cond" truecount="2" falsecount="0"/>
        <line num="58" count="1" type="stmt"/>
        <line num="60" count="5" type="stmt"/>
        <line num="61" count="5" type="stmt"/>
        <line num="62" count="5" type="stmt"/>
        <line num="68" count="3" type="stmt"/>
        <line num="69" count="3" type="stmt"/>
        <line num="70" count="3" type="stmt"/>
        <line num="71" count="3" type="stmt"/>
        <line num="72" count="3" type="stmt"/>
        <line num="75" count="1" type="stmt"/>
        <line num="76" count="1" type="stmt"/>
        <line num="79" count="88" type="cond" truecount="2" falsecount="0"/>
        <line num="80" count="85" type="stmt"/>
        <line num="81" count="85" type="cond" truecount="2" falsecount="0"/>
        <line num="82" count="6" type="stmt"/>
        <line num="87" count="85" type="stmt"/>
        <line num="91" count="90" type="stmt"/>
        <line num="92" count="90" type="stmt"/>
        <line num="95" count="7" type="stmt"/>
        <line num="96" count="7" type="stmt"/>
        <line num="103" count="49" type="stmt"/>
        <line num="104" count="49" type="stmt"/>
        <line num="105" count="49" type="stmt"/>
        <line num="106" count="49" type="stmt"/>
        <line num="107" count="49" type="stmt"/>
        <line num="110" count="9" type="stmt"/>
        <line num="111" count="9" type="stmt"/>
        <line num="113" count="9" type="cond" truecount="2" falsecount="0"/>
        <line num="114" count="4" type="stmt"/>
        <line num="116" count="4" type="stmt"/>
        <line num="117" count="4" type="stmt"/>
        <line num="121" count="5" type="cond" truecount="2" falsecount="0"/>
        <line num="122" count="4" type="stmt"/>
        <line num="124" count="5" type="stmt"/>
        <line num="127" count="7" type="stmt"/>
        <line num="128" count="7" type="stmt"/>
        <line num="129" count="7" type="stmt"/>
        <line num="130" count="7" type="cond" truecount="2" falsecount="0"/>
        <line num="131" count="3" type="stmt"/>
        <line num="132" count="3" type="stmt"/>
        <line num="133" count="3" type="cond" truecount="2" falsecount="0"/>
        <line num="135" count="7" type="cond" truecount="2" falsecount="0"/>
        <line num="136" count="2" type="stmt"/>
        <line num="137" count="5" type="cond" truecount="2" falsecount="0"/>
        <line num="138" count="3" type="stmt"/>
        <line num="140" count="7" type="stmt"/>
        <line num="146" count="36" type="stmt"/>
        <line num="148" count="36" type="cond" truecount="2" falsecount="0"/>
        <line num="149" count="36" type="cond" truecount="2" falsecount="0"/>
        <line num="150" count="36" type="stmt"/>
        <line num="151" count="36" type="stmt"/>
        <line num="152" count="36" type="cond" truecount="2" falsecount="0"/>
        <line num="153" count="36" type="stmt"/>
        <line num="159" count="72" type="stmt"/>
        <line num="160" count="72" type="stmt"/>
        <line num="161" count="72" type="stmt"/>
        <line num="166" count="9" type="stmt"/>
        <line num="167" count="9" type="stmt"/>
        <line num="168" count="9" type="stmt"/>
        <line num="172" count="9" type="stmt"/>
        <line num="176" count="9" type="stmt"/>
        <line num="177" count="9" type="stmt"/>
        <line num="178" count="9" type="stmt"/>
        <line num="183" count="72" type="stmt"/>
        <line num="184" count="72" type="stmt"/>
        <line num="185" count="72" type="stmt"/>
        <line num="186" count="72" type="stmt"/>
        <line num="191" count="84" type="stmt"/>
        <line num="192" count="84" type="cond" truecount="2" falsecount="0"/>
        <line num="193" count="38" type="stmt"/>
        <line num="194" count="38" type="stmt"/>
        <line num="196" count="84" type="stmt"/>
        <line num="200" count="81" type="stmt"/>
        <line num="201" count="81" type="stmt"/>
        <line num="206" count="9" type="stmt"/>
        <line num="207" count="9" type="stmt"/>
        <line num="208" count="9" type="cond" truecount="2" falsecount="0"/>
      </file>
      <file name="utils.js" path="/Users/hanpei/Sites/my-components/src/picker/utils.js">
        <metrics statements="12" coveredstatements="12" conditionals="5" coveredconditionals="5" methods="2" coveredmethods="2"/>
        <line num="2" count="665" type="cond" truecount="2" falsecount="0"/>
        <line num="3" count="467" type="stmt"/>
        <line num="5" count="198" type="stmt"/>
        <line num="9" count="2" type="stmt"/>
        <line num="10" count="2" type="cond" truecount="2" falsecount="0"/>
        <line num="11" count="1" type="stmt"/>
        <line num="12" count="1" type="stmt"/>
        <line num="13" count="1" type="stmt"/>
        <line num="14" count="1" type="stmt"/>
        <line num="15" count="1" type="stmt"/>
        <line num="16" count="1" type="stmt"/>
        <line num="17" count="1" type="stmt"/>
      </file>
    </metrics>
  </project>
</coverage>
