{"/Users/hanpei/Sites/my-components/src/picker/DatePicker.js": {"path":"/Users/hanpei/Sites/my-components/src/picker/DatePicker.js","statementMap":{"0":{"start":{"line":32,"column":4},"end":{"line":32,"column":17}},"1":{"start":{"line":33,"column":4},"end":{"line":40,"column":6}},"2":{"start":{"line":41,"column":4},"end":{"line":41,"column":68}},"3":{"start":{"line":42,"column":4},"end":{"line":42,"column":61}},"4":{"start":{"line":43,"column":4},"end":{"line":43,"column":55}},"5":{"start":{"line":44,"column":4},"end":{"line":44,"column":77}},"6":{"start":{"line":45,"column":4},"end":{"line":45,"column":75}},"7":{"start":{"line":46,"column":4},"end":{"line":46,"column":39}},"8":{"start":{"line":50,"column":4},"end":{"line":50,"column":16}},"9":{"start":{"line":68,"column":4},"end":{"line":72,"column":6}},"10":{"start":{"line":76,"column":29},"end":{"line":76,"column":79}},"11":{"start":{"line":77,"column":26},"end":{"line":77,"column":69}},"12":{"start":{"line":78,"column":24},"end":{"line":78,"column":65}},"13":{"start":{"line":80,"column":4},"end":{"line":82,"column":5}},"14":{"start":{"line":81,"column":6},"end":{"line":81,"column":18}},"15":{"start":{"line":83,"column":4},"end":{"line":85,"column":5}},"16":{"start":{"line":84,"column":6},"end":{"line":84,"column":16}},"17":{"start":{"line":86,"column":4},"end":{"line":86,"column":23}},"18":{"start":{"line":91,"column":29},"end":{"line":95,"column":5}},"19":{"start":{"line":96,"column":55},"end":{"line":98,"column":5}},"20":{"start":{"line":100,"column":4},"end":{"line":100,"column":64}},"21":{"start":{"line":101,"column":4},"end":{"line":101,"column":19}},"22":{"start":{"line":102,"column":4},"end":{"line":102,"column":32}},"23":{"start":{"line":103,"column":4},"end":{"line":103,"column":45}},"24":{"start":{"line":104,"column":4},"end":{"line":104,"column":79}},"25":{"start":{"line":108,"column":15},"end":{"line":108,"column":17}},"26":{"start":{"line":109,"column":4},"end":{"line":111,"column":5}},"27":{"start":{"line":110,"column":6},"end":{"line":110,"column":30}},"28":{"start":{"line":112,"column":4},"end":{"line":112,"column":28}},"29":{"start":{"line":116,"column":16},"end":{"line":116,"column":18}},"30":{"start":{"line":117,"column":15},"end":{"line":117,"column":16}},"31":{"start":{"line":118,"column":13},"end":{"line":118,"column":15}},"32":{"start":{"line":119,"column":4},"end":{"line":121,"column":5}},"33":{"start":{"line":120,"column":6},"end":{"line":120,"column":27}},"34":{"start":{"line":122,"column":4},"end":{"line":124,"column":5}},"35":{"start":{"line":123,"column":6},"end":{"line":123,"column":25}},"36":{"start":{"line":126,"column":4},"end":{"line":129,"column":5}},"37":{"start":{"line":127,"column":18},"end":{"line":127,"column":35}},"38":{"start":{"line":128,"column":6},"end":{"line":128,"column":22}},"39":{"start":{"line":130,"column":4},"end":{"line":130,"column":29}},"40":{"start":{"line":134,"column":23},"end":{"line":134,"column":79}},"41":{"start":{"line":135,"column":14},"end":{"line":135,"column":16}},"42":{"start":{"line":136,"column":20},"end":{"line":136,"column":62}},"43":{"start":{"line":137,"column":14},"end":{"line":137,"column":16}},"44":{"start":{"line":138,"column":4},"end":{"line":140,"column":5}},"45":{"start":{"line":139,"column":6},"end":{"line":139,"column":15}},"46":{"start":{"line":141,"column":4},"end":{"line":143,"column":5}},"47":{"start":{"line":142,"column":6},"end":{"line":142,"column":15}},"48":{"start":{"line":144,"column":4},"end":{"line":146,"column":5}},"49":{"start":{"line":145,"column":6},"end":{"line":145,"column":15}},"50":{"start":{"line":147,"column":15},"end":{"line":147,"column":16}},"51":{"start":{"line":148,"column":13},"end":{"line":148,"column":16}},"52":{"start":{"line":149,"column":4},"end":{"line":151,"column":5}},"53":{"start":{"line":150,"column":6},"end":{"line":150,"column":25}},"54":{"start":{"line":152,"column":4},"end":{"line":154,"column":5}},"55":{"start":{"line":153,"column":6},"end":{"line":153,"column":23}},"56":{"start":{"line":155,"column":4},"end":{"line":158,"column":5}},"57":{"start":{"line":156,"column":18},"end":{"line":156,"column":35}},"58":{"start":{"line":157,"column":6},"end":{"line":157,"column":20}},"59":{"start":{"line":159,"column":4},"end":{"line":159,"column":27}},"60":{"start":{"line":163,"column":22},"end":{"line":163,"column":28}},"61":{"start":{"line":164,"column":4},"end":{"line":164,"column":43}},"62":{"start":{"line":165,"column":4},"end":{"line":165,"column":25}},"63":{"start":{"line":166,"column":4},"end":{"line":166,"column":49}},"64":{"start":{"line":167,"column":4},"end":{"line":167,"column":41}},"65":{"start":{"line":170,"column":4},"end":{"line":170,"column":51}},"66":{"start":{"line":171,"column":4},"end":{"line":171,"column":55}},"67":{"start":{"line":172,"column":4},"end":{"line":172,"column":41}},"68":{"start":{"line":175,"column":4},"end":{"line":175,"column":49}},"69":{"start":{"line":176,"column":4},"end":{"line":176,"column":41}},"70":{"start":{"line":179,"column":57},"end":{"line":179,"column":62}},"71":{"start":{"line":180,"column":19},"end":{"line":180,"column":68}},"72":{"start":{"line":182,"column":4},"end":{"line":182,"column":36}},"73":{"start":{"line":183,"column":4},"end":{"line":183,"column":54}},"74":{"start":{"line":187,"column":4},"end":{"line":228,"column":6}},"75":{"start":{"line":197,"column":14},"end":{"line":197,"column":36}},"76":{"start":{"line":198,"column":14},"end":{"line":198,"column":59}}},"fnMap":{"0":{"name":"(anonymous_0)","decl":{"start":{"line":23,"column":14},"end":{"line":23,"column":15}},"loc":{"start":{"line":23,"column":20},"end":{"line":23,"column":22}},"line":23},"1":{"name":"(anonymous_1)","decl":{"start":{"line":24,"column":15},"end":{"line":24,"column":16}},"loc":{"start":{"line":24,"column":21},"end":{"line":24,"column":23}},"line":24},"2":{"name":"(anonymous_2)","decl":{"start":{"line":25,"column":20},"end":{"line":25,"column":21}},"loc":{"start":{"line":25,"column":26},"end":{"line":25,"column":28}},"line":25},"3":{"name":"(anonymous_3)","decl":{"start":{"line":31,"column":2},"end":{"line":31,"column":3}},"loc":{"start":{"line":31,"column":21},"end":{"line":47,"column":3}},"line":31},"4":{"name":"(anonymous_4)","decl":{"start":{"line":49,"column":2},"end":{"line":49,"column":3}},"loc":{"start":{"line":49,"column":23},"end":{"line":51,"column":3}},"line":49},"5":{"name":"(anonymous_5)","decl":{"start":{"line":66,"column":2},"end":{"line":66,"column":3}},"loc":{"start":{"line":66,"column":46},"end":{"line":73,"column":3}},"line":66},"6":{"name":"(anonymous_6)","decl":{"start":{"line":75,"column":2},"end":{"line":75,"column":3}},"loc":{"start":{"line":75,"column":40},"end":{"line":87,"column":3}},"line":75},"7":{"name":"(anonymous_7)","decl":{"start":{"line":89,"column":2},"end":{"line":89,"column":3}},"loc":{"start":{"line":89,"column":9},"end":{"line":105,"column":3}},"line":89},"8":{"name":"(anonymous_8)","decl":{"start":{"line":107,"column":2},"end":{"line":107,"column":3}},"loc":{"start":{"line":107,"column":12},"end":{"line":113,"column":3}},"line":107},"9":{"name":"(anonymous_9)","decl":{"start":{"line":115,"column":2},"end":{"line":115,"column":3}},"loc":{"start":{"line":115,"column":17},"end":{"line":131,"column":3}},"line":115},"10":{"name":"(anonymous_10)","decl":{"start":{"line":133,"column":2},"end":{"line":133,"column":3}},"loc":{"start":{"line":133,"column":22},"end":{"line":160,"column":3}},"line":133},"11":{"name":"(anonymous_11)","decl":{"start":{"line":162,"column":21},"end":{"line":162,"column":22}},"loc":{"start":{"line":162,"column":33},"end":{"line":168,"column":3}},"line":162},"12":{"name":"(anonymous_12)","decl":{"start":{"line":169,"column":22},"end":{"line":169,"column":23}},"loc":{"start":{"line":169,"column":34},"end":{"line":173,"column":3}},"line":169},"13":{"name":"(anonymous_13)","decl":{"start":{"line":174,"column":20},"end":{"line":174,"column":21}},"loc":{"start":{"line":174,"column":32},"end":{"line":177,"column":3}},"line":174},"14":{"name":"(anonymous_14)","decl":{"start":{"line":178,"column":2},"end":{"line":178,"column":3}},"loc":{"start":{"line":178,"column":29},"end":{"line":184,"column":3}},"line":178},"15":{"name":"(anonymous_15)","decl":{"start":{"line":186,"column":2},"end":{"line":186,"column":3}},"loc":{"start":{"line":186,"column":11},"end":{"line":229,"column":3}},"line":186},"16":{"name":"(anonymous_16)","decl":{"start":{"line":196,"column":21},"end":{"line":196,"column":22}},"loc":{"start":{"line":196,"column":27},"end":{"line":199,"column":13}},"line":196}},"branchMap":{"0":{"loc":{"start":{"line":41,"column":23},"end":{"line":41,"column":67}},"type":"binary-expr","locations":[{"start":{"line":41,"column":23},"end":{"line":41,"column":40}},{"start":{"line":41,"column":44},"end":{"line":41,"column":67}}],"line":41},"1":{"loc":{"start":{"line":42,"column":23},"end":{"line":42,"column":60}},"type":"binary-expr","locations":[{"start":{"line":42,"column":23},"end":{"line":42,"column":33}},{"start":{"line":42,"column":37},"end":{"line":42,"column":60}}],"line":42},"2":{"loc":{"start":{"line":43,"column":21},"end":{"line":43,"column":54}},"type":"binary-expr","locations":[{"start":{"line":43,"column":21},"end":{"line":43,"column":29}},{"start":{"line":43,"column":33},"end":{"line":43,"column":54}}],"line":43},"3":{"loc":{"start":{"line":69,"column":6},"end":{"line":71,"column":60}},"type":"binary-expr","locations":[{"start":{"line":69,"column":6},"end":{"line":69,"column":62}},{"start":{"line":70,"column":6},"end":{"line":70,"column":64}},{"start":{"line":71,"column":6},"end":{"line":71,"column":60}}],"line":69},"4":{"loc":{"start":{"line":80,"column":4},"end":{"line":82,"column":5}},"type":"if","locations":[{"start":{"line":80,"column":4},"end":{"line":82,"column":5}},{"start":{"line":80,"column":4},"end":{"line":82,"column":5}}],"line":80},"5":{"loc":{"start":{"line":83,"column":4},"end":{"line":85,"column":5}},"type":"if","locations":[{"start":{"line":83,"column":4},"end":{"line":85,"column":5}},{"start":{"line":83,"column":4},"end":{"line":85,"column":5}}],"line":83},"6":{"loc":{"start":{"line":119,"column":4},"end":{"line":121,"column":5}},"type":"if","locations":[{"start":{"line":119,"column":4},"end":{"line":121,"column":5}},{"start":{"line":119,"column":4},"end":{"line":121,"column":5}}],"line":119},"7":{"loc":{"start":{"line":122,"column":4},"end":{"line":124,"column":5}},"type":"if","locations":[{"start":{"line":122,"column":4},"end":{"line":124,"column":5}},{"start":{"line":122,"column":4},"end":{"line":124,"column":5}}],"line":122},"8":{"loc":{"start":{"line":134,"column":23},"end":{"line":134,"column":79}},"type":"binary-expr","locations":[{"start":{"line":134,"column":24},"end":{"line":134,"column":38}},{"start":{"line":134,"column":42},"end":{"line":134,"column":58}},{"start":{"line":134,"column":63},"end":{"line":134,"column":79}}],"line":134},"9":{"loc":{"start":{"line":138,"column":4},"end":{"line":140,"column":5}},"type":"if","locations":[{"start":{"line":138,"column":4},"end":{"line":140,"column":5}},{"start":{"line":138,"column":4},"end":{"line":140,"column":5}}],"line":138},"10":{"loc":{"start":{"line":141,"column":4},"end":{"line":143,"column":5}},"type":"if","locations":[{"start":{"line":141,"column":4},"end":{"line":143,"column":5}},{"start":{"line":141,"column":4},"end":{"line":143,"column":5}}],"line":141},"11":{"loc":{"start":{"line":141,"column":8},"end":{"line":141,"column":37}},"type":"binary-expr","locations":[{"start":{"line":141,"column":8},"end":{"line":141,"column":22}},{"start":{"line":141,"column":26},"end":{"line":141,"column":37}}],"line":141},"12":{"loc":{"start":{"line":144,"column":4},"end":{"line":146,"column":5}},"type":"if","locations":[{"start":{"line":144,"column":4},"end":{"line":146,"column":5}},{"start":{"line":144,"column":4},"end":{"line":146,"column":5}}],"line":144},"13":{"loc":{"start":{"line":144,"column":8},"end":{"line":144,"column":36}},"type":"binary-expr","locations":[{"start":{"line":144,"column":8},"end":{"line":144,"column":22}},{"start":{"line":144,"column":26},"end":{"line":144,"column":36}}],"line":144},"14":{"loc":{"start":{"line":149,"column":4},"end":{"line":151,"column":5}},"type":"if","locations":[{"start":{"line":149,"column":4},"end":{"line":151,"column":5}},{"start":{"line":149,"column":4},"end":{"line":151,"column":5}}],"line":149},"15":{"loc":{"start":{"line":149,"column":8},"end":{"line":149,"column":56}},"type":"binary-expr","locations":[{"start":{"line":149,"column":8},"end":{"line":149,"column":29}},{"start":{"line":149,"column":33},"end":{"line":149,"column":56}}],"line":149},"16":{"loc":{"start":{"line":152,"column":4},"end":{"line":154,"column":5}},"type":"if","locations":[{"start":{"line":152,"column":4},"end":{"line":154,"column":5}},{"start":{"line":152,"column":4},"end":{"line":154,"column":5}}],"line":152},"17":{"loc":{"start":{"line":152,"column":8},"end":{"line":152,"column":56}},"type":"binary-expr","locations":[{"start":{"line":152,"column":8},"end":{"line":152,"column":29}},{"start":{"line":152,"column":33},"end":{"line":152,"column":56}}],"line":152}},"s":{"0":7,"1":7,"2":7,"3":7,"4":7,"5":7,"6":7,"7":7,"8":7,"9":21,"10":7,"11":7,"12":7,"13":7,"14":1,"15":6,"16":1,"17":5,"18":7,"19":7,"20":7,"21":7,"22":7,"23":7,"24":7,"25":7,"26":7,"27":375,"28":7,"29":10,"30":10,"31":10,"32":10,"33":2,"34":10,"35":2,"36":10,"37":120,"38":120,"39":10,"40":13,"41":13,"42":13,"43":13,"44":13,"45":7,"46":13,"47":1,"48":13,"49":5,"50":13,"51":13,"52":13,"53":2,"54":13,"55":2,"56":13,"57":336,"58":336,"59":13,"60":3,"61":3,"62":3,"63":3,"64":3,"65":3,"66":3,"67":3,"68":6,"69":6,"70":12,"71":12,"72":12,"73":12,"74":12,"75":1,"76":1},"f":{"0":0,"1":0,"2":0,"3":7,"4":7,"5":21,"6":7,"7":7,"8":7,"9":10,"10":13,"11":3,"12":3,"13":6,"14":12,"15":12,"16":1},"b":{"0":[7,1],"1":[7,1],"2":[7,1],"3":[21,21,21],"4":[1,6],"5":[1,5],"6":[2,8],"7":[2,8],"8":[13,7,9],"9":[7,6],"10":[1,12],"11":[13,6],"12":[5,8],"13":[13,6],"14":[2,11],"15":[13,3],"16":[2,11],"17":[13,3]},"_coverageSchema":"332fd63041d2c1bcb487cc26dd0d5f7d97098a6c","hash":"c594ac5d6ce19e8ad2062cfa989b940cf00fa4c9"}
,"/Users/hanpei/Sites/my-components/src/picker/Picker.js": {"path":"/Users/hanpei/Sites/my-components/src/picker/Picker.js","statementMap":{"0":{"start":{"line":18,"column":4},"end":{"line":18,"column":17}},"1":{"start":{"line":19,"column":4},"end":{"line":22,"column":6}},"2":{"start":{"line":24,"column":4},"end":{"line":24,"column":65}},"3":{"start":{"line":28,"column":4},"end":{"line":33,"column":7}},"4":{"start":{"line":37,"column":4},"end":{"line":43,"column":5}},"5":{"start":{"line":38,"column":16},"end":{"line":41,"column":7}},"6":{"start":{"line":42,"column":6},"end":{"line":42,"column":33}},"7":{"start":{"line":48,"column":4},"end":{"line":48,"column":50}},"8":{"start":{"line":52,"column":39},"end":{"line":52,"column":49}},"9":{"start":{"line":53,"column":4},"end":{"line":57,"column":5}},"10":{"start":{"line":54,"column":6},"end":{"line":54,"column":44}},"11":{"start":{"line":56,"column":6},"end":{"line":56,"column":15}},"12":{"start":{"line":61,"column":18},"end":{"line":61,"column":58}},"13":{"start":{"line":62,"column":21},"end":{"line":62,"column":50}},"14":{"start":{"line":64,"column":4},"end":{"line":75,"column":5}},"15":{"start":{"line":65,"column":6},"end":{"line":65,"column":19}},"16":{"start":{"line":68,"column":6},"end":{"line":74,"column":7}},"17":{"start":{"line":70,"column":8},"end":{"line":70,"column":24}},"18":{"start":{"line":73,"column":8},"end":{"line":73,"column":17}},"19":{"start":{"line":79,"column":18},"end":{"line":79,"column":43}},"20":{"start":{"line":81,"column":4},"end":{"line":81,"column":48}},"21":{"start":{"line":82,"column":4},"end":{"line":85,"column":7}},"22":{"start":{"line":89,"column":19},"end":{"line":89,"column":47}},"23":{"start":{"line":90,"column":16},"end":{"line":90,"column":58}},"24":{"start":{"line":92,"column":4},"end":{"line":103,"column":6}},"25":{"start":{"line":97,"column":26},"end":{"line":97,"column":48}},"26":{"start":{"line":107,"column":18},"end":{"line":109,"column":1}},"27":{"start":{"line":108,"column":2},"end":{"line":108,"column":73}},"28":{"start":{"line":110,"column":0},"end":{"line":113,"column":2}},"29":{"start":{"line":115,"column":21},"end":{"line":124,"column":4}},"30":{"start":{"line":116,"column":2},"end":{"line":124,"column":4}},"31":{"start":{"line":117,"column":4},"end":{"line":123,"column":10}}},"fnMap":{"0":{"name":"(anonymous_0)","decl":{"start":{"line":17,"column":2},"end":{"line":17,"column":3}},"loc":{"start":{"line":17,"column":21},"end":{"line":25,"column":3}},"line":17},"1":{"name":"(anonymous_1)","decl":{"start":{"line":27,"column":2},"end":{"line":27,"column":3}},"loc":{"start":{"line":27,"column":22},"end":{"line":34,"column":3}},"line":27},"2":{"name":"(anonymous_2)","decl":{"start":{"line":36,"column":2},"end":{"line":36,"column":3}},"loc":{"start":{"line":36,"column":43},"end":{"line":45,"column":3}},"line":36},"3":{"name":"(anonymous_3)","decl":{"start":{"line":47,"column":2},"end":{"line":47,"column":3}},"loc":{"start":{"line":47,"column":25},"end":{"line":49,"column":3}},"line":47},"4":{"name":"(anonymous_4)","decl":{"start":{"line":51,"column":2},"end":{"line":51,"column":3}},"loc":{"start":{"line":51,"column":20},"end":{"line":58,"column":3}},"line":51},"5":{"name":"(anonymous_5)","decl":{"start":{"line":60,"column":2},"end":{"line":60,"column":3}},"loc":{"start":{"line":60,"column":46},"end":{"line":76,"column":3}},"line":60},"6":{"name":"(anonymous_6)","decl":{"start":{"line":78,"column":2},"end":{"line":78,"column":3}},"loc":{"start":{"line":78,"column":28},"end":{"line":86,"column":3}},"line":78},"7":{"name":"(anonymous_7)","decl":{"start":{"line":88,"column":2},"end":{"line":88,"column":3}},"loc":{"start":{"line":88,"column":11},"end":{"line":104,"column":3}},"line":88},"8":{"name":"(anonymous_8)","decl":{"start":{"line":97,"column":15},"end":{"line":97,"column":16}},"loc":{"start":{"line":97,"column":26},"end":{"line":97,"column":48}},"line":97},"9":{"name":"(anonymous_9)","decl":{"start":{"line":107,"column":18},"end":{"line":107,"column":19}},"loc":{"start":{"line":108,"column":2},"end":{"line":108,"column":73}},"line":108},"10":{"name":"(anonymous_10)","decl":{"start":{"line":115,"column":21},"end":{"line":115,"column":22}},"loc":{"start":{"line":116,"column":2},"end":{"line":124,"column":4}},"line":116},"11":{"name":"(anonymous_11)","decl":{"start":{"line":116,"column":14},"end":{"line":116,"column":15}},"loc":{"start":{"line":117,"column":4},"end":{"line":123,"column":10}},"line":117}},"branchMap":{"0":{"loc":{"start":{"line":37,"column":4},"end":{"line":43,"column":5}},"type":"if","locations":[{"start":{"line":37,"column":4},"end":{"line":43,"column":5}},{"start":{"line":37,"column":4},"end":{"line":43,"column":5}}],"line":37},"1":{"loc":{"start":{"line":53,"column":4},"end":{"line":57,"column":5}},"type":"if","locations":[{"start":{"line":53,"column":4},"end":{"line":57,"column":5}},{"start":{"line":53,"column":4},"end":{"line":57,"column":5}}],"line":53},"2":{"loc":{"start":{"line":64,"column":4},"end":{"line":75,"column":5}},"type":"if","locations":[{"start":{"line":64,"column":4},"end":{"line":75,"column":5}},{"start":{"line":64,"column":4},"end":{"line":75,"column":5}}],"line":64},"3":{"loc":{"start":{"line":68,"column":6},"end":{"line":74,"column":7}},"type":"if","locations":[{"start":{"line":68,"column":6},"end":{"line":74,"column":7}},{"start":{"line":68,"column":6},"end":{"line":74,"column":7}}],"line":68}},"s":{"0":26,"1":26,"2":26,"3":26,"4":26,"5":8,"6":8,"7":15,"8":52,"9":52,"10":50,"11":2,"12":8,"13":8,"14":8,"15":5,"16":3,"17":2,"18":1,"19":8,"20":8,"21":8,"22":52,"23":52,"24":52,"25":93,"26":2,"27":52,"28":2,"29":2,"30":52,"31":1184},"f":{"0":26,"1":26,"2":26,"3":15,"4":52,"5":8,"6":8,"7":52,"8":93,"9":52,"10":52,"11":1184},"b":{"0":[8,18],"1":[50,2],"2":[5,3],"3":[2,1]},"_coverageSchema":"332fd63041d2c1bcb487cc26dd0d5f7d97098a6c","hash":"efe94cfc6edf763852b6f6a390f3c2d94c6ad0c6"}
,"/Users/hanpei/Sites/my-components/src/picker/Portal.js": {"path":"/Users/hanpei/Sites/my-components/src/picker/Portal.js","statementMap":{"0":{"start":{"line":14,"column":4},"end":{"line":14,"column":12}},"1":{"start":{"line":15,"column":4},"end":{"line":15,"column":36}},"2":{"start":{"line":16,"column":4},"end":{"line":16,"column":50}},"3":{"start":{"line":17,"column":4},"end":{"line":17,"column":45}},"4":{"start":{"line":21,"column":4},"end":{"line":21,"column":45}},"5":{"start":{"line":25,"column":4},"end":{"line":25,"column":60}},"6":{"start":{"line":25,"column":36},"end":{"line":25,"column":57}},"7":{"start":{"line":29,"column":24},"end":{"line":29,"column":34}},"8":{"start":{"line":30,"column":4},"end":{"line":46,"column":6}},"9":{"start":{"line":51,"column":21},"end":{"line":65,"column":1}},"10":{"start":{"line":52,"column":2},"end":{"line":64,"column":18}},"11":{"start":{"line":66,"column":0},"end":{"line":69,"column":2}}},"fnMap":{"0":{"name":"(anonymous_0)","decl":{"start":{"line":13,"column":2},"end":{"line":13,"column":3}},"loc":{"start":{"line":13,"column":16},"end":{"line":18,"column":3}},"line":13},"1":{"name":"(anonymous_1)","decl":{"start":{"line":20,"column":2},"end":{"line":20,"column":3}},"loc":{"start":{"line":20,"column":25},"end":{"line":22,"column":3}},"line":20},"2":{"name":"(anonymous_2)","decl":{"start":{"line":24,"column":13},"end":{"line":24,"column":14}},"loc":{"start":{"line":24,"column":19},"end":{"line":26,"column":3}},"line":24},"3":{"name":"(anonymous_3)","decl":{"start":{"line":25,"column":18},"end":{"line":25,"column":19}},"loc":{"start":{"line":25,"column":36},"end":{"line":25,"column":57}},"line":25},"4":{"name":"(anonymous_4)","decl":{"start":{"line":28,"column":2},"end":{"line":28,"column":3}},"loc":{"start":{"line":28,"column":11},"end":{"line":47,"column":3}},"line":28},"5":{"name":"(anonymous_5)","decl":{"start":{"line":51,"column":21},"end":{"line":51,"column":22}},"loc":{"start":{"line":52,"column":2},"end":{"line":64,"column":18}},"line":52}},"branchMap":{"0":{"loc":{"start":{"line":35,"column":13},"end":{"line":35,"column":80}},"type":"binary-expr","locations":[{"start":{"line":35,"column":13},"end":{"line":35,"column":20}},{"start":{"line":35,"column":24},"end":{"line":35,"column":80}}],"line":35}},"s":{"0":1,"1":1,"2":1,"3":1,"4":1,"5":1,"6":1,"7":2,"8":2,"9":1,"10":1,"11":1},"f":{"0":1,"1":1,"2":1,"3":1,"4":2,"5":1},"b":{"0":[2,1]},"_coverageSchema":"332fd63041d2c1bcb487cc26dd0d5f7d97098a6c","hash":"6ce64c8fe0a9a28a4dfd3fbf248d0981733501de"}
,"/Users/hanpei/Sites/my-components/src/picker/scroller.js": {"path":"/Users/hanpei/Sites/my-components/src/picker/scroller.js","statementMap":{"0":{"start":{"line":7,"column":4},"end":{"line":7,"column":25}},"1":{"start":{"line":8,"column":4},"end":{"line":8,"column":33}},"2":{"start":{"line":9,"column":4},"end":{"line":9,"column":22}},"3":{"start":{"line":10,"column":4},"end":{"line":10,"column":19}},"4":{"start":{"line":11,"column":4},"end":{"line":11,"column":20}},"5":{"start":{"line":12,"column":4},"end":{"line":12,"column":26}},"6":{"start":{"line":13,"column":4},"end":{"line":13,"column":35}},"7":{"start":{"line":14,"column":4},"end":{"line":14,"column":16}},"8":{"start":{"line":18,"column":4},"end":{"line":18,"column":33}},"9":{"start":{"line":19,"column":4},"end":{"line":19,"column":53}},"10":{"start":{"line":23,"column":4},"end":{"line":23,"column":53}},"11":{"start":{"line":27,"column":4},"end":{"line":27,"column":67}},"12":{"start":{"line":28,"column":4},"end":{"line":28,"column":61}},"13":{"start":{"line":32,"column":4},"end":{"line":32,"column":52}},"14":{"start":{"line":33,"column":4},"end":{"line":33,"column":50}},"15":{"start":{"line":34,"column":4},"end":{"line":34,"column":51}},"16":{"start":{"line":35,"column":4},"end":{"line":35,"column":54}},"17":{"start":{"line":36,"column":4},"end":{"line":36,"column":53}},"18":{"start":{"line":39,"column":4},"end":{"line":39,"column":55}},"19":{"start":{"line":40,"column":4},"end":{"line":40,"column":53}},"20":{"start":{"line":41,"column":4},"end":{"line":41,"column":54}},"21":{"start":{"line":42,"column":4},"end":{"line":42,"column":57}},"22":{"start":{"line":43,"column":4},"end":{"line":43,"column":56}},"23":{"start":{"line":46,"column":4},"end":{"line":46,"column":23}},"24":{"start":{"line":47,"column":14},"end":{"line":47,"column":34}},"25":{"start":{"line":49,"column":4},"end":{"line":49,"column":25}},"26":{"start":{"line":50,"column":4},"end":{"line":50,"column":20}},"27":{"start":{"line":51,"column":4},"end":{"line":51,"column":30}},"28":{"start":{"line":54,"column":4},"end":{"line":54,"column":23}},"29":{"start":{"line":55,"column":14},"end":{"line":55,"column":34}},"30":{"start":{"line":57,"column":4},"end":{"line":59,"column":5}},"31":{"start":{"line":58,"column":6},"end":{"line":58,"column":13}},"32":{"start":{"line":60,"column":4},"end":{"line":60,"column":48}},"33":{"start":{"line":61,"column":4},"end":{"line":61,"column":39}},"34":{"start":{"line":62,"column":4},"end":{"line":65,"column":6}},"35":{"start":{"line":68,"column":4},"end":{"line":68,"column":26}},"36":{"start":{"line":69,"column":20},"end":{"line":69,"column":32}},"37":{"start":{"line":70,"column":22},"end":{"line":70,"column":58}},"38":{"start":{"line":71,"column":21},"end":{"line":71,"column":78}},"39":{"start":{"line":72,"column":4},"end":{"line":72,"column":27}},"40":{"start":{"line":75,"column":4},"end":{"line":75,"column":50}},"41":{"start":{"line":76,"column":4},"end":{"line":76,"column":28}},"42":{"start":{"line":79,"column":4},"end":{"line":88,"column":5}},"43":{"start":{"line":80,"column":6},"end":{"line":80,"column":23}},"44":{"start":{"line":81,"column":6},"end":{"line":86,"column":7}},"45":{"start":{"line":82,"column":8},"end":{"line":85,"column":10}},"46":{"start":{"line":87,"column":6},"end":{"line":87,"column":77}},"47":{"start":{"line":91,"column":4},"end":{"line":91,"column":32}},"48":{"start":{"line":92,"column":4},"end":{"line":92,"column":38}},"49":{"start":{"line":95,"column":4},"end":{"line":95,"column":33}},"50":{"start":{"line":96,"column":4},"end":{"line":96,"column":39}},"51":{"start":{"line":103,"column":4},"end":{"line":103,"column":35}},"52":{"start":{"line":104,"column":4},"end":{"line":104,"column":35}},"53":{"start":{"line":105,"column":4},"end":{"line":105,"column":19}},"54":{"start":{"line":106,"column":4},"end":{"line":106,"column":16}},"55":{"start":{"line":107,"column":4},"end":{"line":107,"column":23}},"56":{"start":{"line":110,"column":16},"end":{"line":110,"column":26}},"57":{"start":{"line":111,"column":4},"end":{"line":111,"column":56}},"58":{"start":{"line":113,"column":4},"end":{"line":118,"column":5}},"59":{"start":{"line":114,"column":6},"end":{"line":115,"column":66}},"60":{"start":{"line":116,"column":6},"end":{"line":116,"column":18}},"61":{"start":{"line":117,"column":6},"end":{"line":117,"column":23}},"62":{"start":{"line":121,"column":4},"end":{"line":123,"column":5}},"63":{"start":{"line":122,"column":6},"end":{"line":122,"column":21}},"64":{"start":{"line":124,"column":4},"end":{"line":124,"column":26}},"65":{"start":{"line":127,"column":12},"end":{"line":127,"column":17}},"66":{"start":{"line":128,"column":12},"end":{"line":128,"column":19}},"67":{"start":{"line":129,"column":14},"end":{"line":129,"column":33}},"68":{"start":{"line":130,"column":4},"end":{"line":134,"column":5}},"69":{"start":{"line":131,"column":6},"end":{"line":131,"column":22}},"70":{"start":{"line":132,"column":6},"end":{"line":132,"column":28}},"71":{"start":{"line":133,"column":6},"end":{"line":133,"column":32}},"72":{"start":{"line":135,"column":4},"end":{"line":139,"column":5}},"73":{"start":{"line":136,"column":6},"end":{"line":136,"column":12}},"74":{"start":{"line":137,"column":11},"end":{"line":139,"column":5}},"75":{"start":{"line":138,"column":6},"end":{"line":138,"column":20}},"76":{"start":{"line":140,"column":4},"end":{"line":140,"column":20}},"77":{"start":{"line":146,"column":4},"end":{"line":146,"column":14}},"78":{"start":{"line":148,"column":6},"end":{"line":148,"column":67}},"79":{"start":{"line":149,"column":4},"end":{"line":149,"column":54}},"80":{"start":{"line":150,"column":4},"end":{"line":150,"column":56}},"81":{"start":{"line":151,"column":4},"end":{"line":151,"column":41}},"82":{"start":{"line":152,"column":4},"end":{"line":152,"column":44}},"83":{"start":{"line":153,"column":4},"end":{"line":153,"column":16}},"84":{"start":{"line":159,"column":4},"end":{"line":159,"column":34}},"85":{"start":{"line":160,"column":4},"end":{"line":160,"column":45}},"86":{"start":{"line":161,"column":4},"end":{"line":161,"column":17}},"87":{"start":{"line":166,"column":4},"end":{"line":166,"column":19}},"88":{"start":{"line":167,"column":4},"end":{"line":167,"column":32}},"89":{"start":{"line":168,"column":4},"end":{"line":168,"column":28}},"90":{"start":{"line":172,"column":4},"end":{"line":172,"column":24}},"91":{"start":{"line":176,"column":16},"end":{"line":176,"column":42}},"92":{"start":{"line":177,"column":4},"end":{"line":177,"column":44}},"93":{"start":{"line":178,"column":4},"end":{"line":178,"column":17}},"94":{"start":{"line":183,"column":14},"end":{"line":183,"column":59}},"95":{"start":{"line":184,"column":4},"end":{"line":184,"column":24}},"96":{"start":{"line":185,"column":4},"end":{"line":185,"column":68}},"97":{"start":{"line":186,"column":4},"end":{"line":186,"column":71}},"98":{"start":{"line":191,"column":18},"end":{"line":191,"column":19}},"99":{"start":{"line":192,"column":4},"end":{"line":195,"column":5}},"100":{"start":{"line":193,"column":21},"end":{"line":193,"column":58}},"101":{"start":{"line":194,"column":6},"end":{"line":194,"column":41}},"102":{"start":{"line":196,"column":4},"end":{"line":196,"column":38}},"103":{"start":{"line":200,"column":14},"end":{"line":200,"column":37}},"104":{"start":{"line":201,"column":4},"end":{"line":201,"column":27}},"105":{"start":{"line":206,"column":20},"end":{"line":206,"column":41}},"106":{"start":{"line":207,"column":18},"end":{"line":207,"column":78}},"107":{"start":{"line":208,"column":4},"end":{"line":208,"column":76}}},"fnMap":{"0":{"name":"(anonymous_0)","decl":{"start":{"line":6,"column":2},"end":{"line":6,"column":3}},"loc":{"start":{"line":6,"column":18},"end":{"line":15,"column":3}},"line":6},"1":{"name":"(anonymous_1)","decl":{"start":{"line":17,"column":2},"end":{"line":17,"column":3}},"loc":{"start":{"line":17,"column":9},"end":{"line":20,"column":3}},"line":17},"2":{"name":"(anonymous_2)","decl":{"start":{"line":22,"column":2},"end":{"line":22,"column":3}},"loc":{"start":{"line":22,"column":11},"end":{"line":24,"column":3}},"line":22},"3":{"name":"(anonymous_3)","decl":{"start":{"line":26,"column":2},"end":{"line":26,"column":3}},"loc":{"start":{"line":26,"column":36},"end":{"line":29,"column":3}},"line":26},"4":{"name":"(anonymous_4)","decl":{"start":{"line":31,"column":2},"end":{"line":31,"column":3}},"loc":{"start":{"line":31,"column":16},"end":{"line":37,"column":3}},"line":31},"5":{"name":"(anonymous_5)","decl":{"start":{"line":38,"column":2},"end":{"line":38,"column":3}},"loc":{"start":{"line":38,"column":18},"end":{"line":44,"column":3}},"line":38},"6":{"name":"(anonymous_6)","decl":{"start":{"line":45,"column":12},"end":{"line":45,"column":13}},"loc":{"start":{"line":45,"column":19},"end":{"line":52,"column":3}},"line":45},"7":{"name":"(anonymous_7)","decl":{"start":{"line":53,"column":11},"end":{"line":53,"column":12}},"loc":{"start":{"line":53,"column":18},"end":{"line":66,"column":3}},"line":53},"8":{"name":"(anonymous_8)","decl":{"start":{"line":67,"column":13},"end":{"line":67,"column":14}},"loc":{"start":{"line":67,"column":19},"end":{"line":73,"column":3}},"line":67},"9":{"name":"(anonymous_9)","decl":{"start":{"line":74,"column":10},"end":{"line":74,"column":11}},"loc":{"start":{"line":74,"column":16},"end":{"line":77,"column":3}},"line":74},"10":{"name":"(anonymous_10)","decl":{"start":{"line":78,"column":2},"end":{"line":78,"column":3}},"loc":{"start":{"line":78,"column":30},"end":{"line":89,"column":3}},"line":78},"11":{"name":"(anonymous_11)","decl":{"start":{"line":90,"column":2},"end":{"line":90,"column":3}},"loc":{"start":{"line":90,"column":33},"end":{"line":93,"column":3}},"line":90},"12":{"name":"(anonymous_12)","decl":{"start":{"line":94,"column":2},"end":{"line":94,"column":3}},"loc":{"start":{"line":94,"column":34},"end":{"line":97,"column":3}},"line":94},"13":{"name":"(anonymous_13)","decl":{"start":{"line":98,"column":2},"end":{"line":98,"column":3}},"loc":{"start":{"line":98,"column":21},"end":{"line":98,"column":23}},"line":98},"14":{"name":"(anonymous_14)","decl":{"start":{"line":102,"column":2},"end":{"line":102,"column":3}},"loc":{"start":{"line":102,"column":51},"end":{"line":108,"column":3}},"line":102},"15":{"name":"(anonymous_15)","decl":{"start":{"line":109,"column":2},"end":{"line":109,"column":3}},"loc":{"start":{"line":109,"column":12},"end":{"line":119,"column":3}},"line":109},"16":{"name":"(anonymous_16)","decl":{"start":{"line":120,"column":2},"end":{"line":120,"column":3}},"loc":{"start":{"line":120,"column":17},"end":{"line":125,"column":3}},"line":120},"17":{"name":"(anonymous_17)","decl":{"start":{"line":126,"column":2},"end":{"line":126,"column":3}},"loc":{"start":{"line":126,"column":54},"end":{"line":141,"column":3}},"line":126},"18":{"name":"(anonymous_18)","decl":{"start":{"line":145,"column":2},"end":{"line":145,"column":3}},"loc":{"start":{"line":145,"column":65},"end":{"line":154,"column":3}},"line":145},"19":{"name":"(anonymous_19)","decl":{"start":{"line":156,"column":2},"end":{"line":156,"column":3}},"loc":{"start":{"line":156,"column":9},"end":{"line":162,"column":3}},"line":156},"20":{"name":"(anonymous_20)","decl":{"start":{"line":164,"column":2},"end":{"line":164,"column":3}},"loc":{"start":{"line":164,"column":16},"end":{"line":169,"column":3}},"line":164},"21":{"name":"(anonymous_21)","decl":{"start":{"line":171,"column":2},"end":{"line":171,"column":3}},"loc":{"start":{"line":171,"column":19},"end":{"line":173,"column":3}},"line":171},"22":{"name":"(anonymous_22)","decl":{"start":{"line":175,"column":2},"end":{"line":175,"column":3}},"loc":{"start":{"line":175,"column":42},"end":{"line":179,"column":3}},"line":175},"23":{"name":"(anonymous_23)","decl":{"start":{"line":182,"column":2},"end":{"line":182,"column":3}},"loc":{"start":{"line":182,"column":27},"end":{"line":187,"column":3}},"line":182},"24":{"name":"(anonymous_24)","decl":{"start":{"line":190,"column":2},"end":{"line":190,"column":3}},"loc":{"start":{"line":190,"column":30},"end":{"line":197,"column":3}},"line":190},"25":{"name":"(anonymous_25)","decl":{"start":{"line":199,"column":2},"end":{"line":199,"column":3}},"loc":{"start":{"line":199,"column":25},"end":{"line":202,"column":3}},"line":199},"26":{"name":"(anonymous_26)","decl":{"start":{"line":205,"column":2},"end":{"line":205,"column":3}},"loc":{"start":{"line":205,"column":21},"end":{"line":209,"column":3}},"line":205}},"branchMap":{"0":{"loc":{"start":{"line":57,"column":4},"end":{"line":59,"column":5}},"type":"if","locations":[{"start":{"line":57,"column":4},"end":{"line":59,"column":5}},{"start":{"line":57,"column":4},"end":{"line":59,"column":5}}],"line":57},"1":{"loc":{"start":{"line":78,"column":18},"end":{"line":78,"column":28}},"type":"default-arg","locations":[{"start":{"line":78,"column":25},"end":{"line":78,"column":28}}],"line":78},"2":{"loc":{"start":{"line":79,"column":4},"end":{"line":88,"column":5}},"type":"if","locations":[{"start":{"line":79,"column":4},"end":{"line":88,"column":5}},{"start":{"line":79,"column":4},"end":{"line":88,"column":5}}],"line":79},"3":{"loc":{"start":{"line":81,"column":6},"end":{"line":86,"column":7}},"type":"if","locations":[{"start":{"line":81,"column":6},"end":{"line":86,"column":7}},{"start":{"line":81,"column":6},"end":{"line":86,"column":7}}],"line":81},"4":{"loc":{"start":{"line":102,"column":14},"end":{"line":102,"column":30}},"type":"default-arg","locations":[{"start":{"line":102,"column":28},"end":{"line":102,"column":30}}],"line":102},"5":{"loc":{"start":{"line":102,"column":32},"end":{"line":102,"column":49}},"type":"default-arg","locations":[{"start":{"line":102,"column":46},"end":{"line":102,"column":49}}],"line":102},"6":{"loc":{"start":{"line":113,"column":4},"end":{"line":118,"column":5}},"type":"if","locations":[{"start":{"line":113,"column":4},"end":{"line":118,"column":5}},{"start":{"line":113,"column":4},"end":{"line":118,"column":5}}],"line":113},"7":{"loc":{"start":{"line":115,"column":8},"end":{"line":115,"column":65}},"type":"cond-expr","locations":[{"start":{"line":115,"column":47},"end":{"line":115,"column":61}},{"start":{"line":115,"column":64},"end":{"line":115,"column":65}}],"line":115},"8":{"loc":{"start":{"line":121,"column":4},"end":{"line":123,"column":5}},"type":"if","locations":[{"start":{"line":121,"column":4},"end":{"line":123,"column":5}},{"start":{"line":121,"column":4},"end":{"line":123,"column":5}}],"line":121},"9":{"loc":{"start":{"line":126,"column":41},"end":{"line":126,"column":52}},"type":"default-arg","locations":[{"start":{"line":126,"column":49},"end":{"line":126,"column":52}}],"line":126},"10":{"loc":{"start":{"line":130,"column":4},"end":{"line":134,"column":5}},"type":"if","locations":[{"start":{"line":130,"column":4},"end":{"line":134,"column":5}},{"start":{"line":130,"column":4},"end":{"line":134,"column":5}}],"line":130},"11":{"loc":{"start":{"line":133,"column":10},"end":{"line":133,"column":31}},"type":"cond-expr","locations":[{"start":{"line":133,"column":22},"end":{"line":133,"column":27}},{"start":{"line":133,"column":30},"end":{"line":133,"column":31}}],"line":133},"12":{"loc":{"start":{"line":135,"column":4},"end":{"line":139,"column":5}},"type":"if","locations":[{"start":{"line":135,"column":4},"end":{"line":139,"column":5}},{"start":{"line":135,"column":4},"end":{"line":139,"column":5}}],"line":135},"13":{"loc":{"start":{"line":137,"column":11},"end":{"line":139,"column":5}},"type":"if","locations":[{"start":{"line":137,"column":11},"end":{"line":139,"column":5}},{"start":{"line":137,"column":11},"end":{"line":139,"column":5}}],"line":137},"14":{"loc":{"start":{"line":148,"column":6},"end":{"line":148,"column":67}},"type":"cond-expr","locations":[{"start":{"line":148,"column":33},"end":{"line":148,"column":62}},{"start":{"line":148,"column":65},"end":{"line":148,"column":67}}],"line":148},"15":{"loc":{"start":{"line":149,"column":22},"end":{"line":149,"column":53}},"type":"binary-expr","locations":[{"start":{"line":149,"column":22},"end":{"line":149,"column":32}},{"start":{"line":149,"column":36},"end":{"line":149,"column":53}}],"line":149},"16":{"loc":{"start":{"line":152,"column":25},"end":{"line":152,"column":43}},"type":"binary-expr","locations":[{"start":{"line":152,"column":25},"end":{"line":152,"column":38}},{"start":{"line":152,"column":42},"end":{"line":152,"column":43}}],"line":152},"17":{"loc":{"start":{"line":190,"column":18},"end":{"line":190,"column":28}},"type":"default-arg","locations":[{"start":{"line":190,"column":25},"end":{"line":190,"column":28}}],"line":190},"18":{"loc":{"start":{"line":192,"column":4},"end":{"line":195,"column":5}},"type":"if","locations":[{"start":{"line":192,"column":4},"end":{"line":195,"column":5}},{"start":{"line":192,"column":4},"end":{"line":195,"column":5}}],"line":192},"19":{"loc":{"start":{"line":208,"column":4},"end":{"line":208,"column":75}},"type":"binary-expr","locations":[{"start":{"line":208,"column":4},"end":{"line":208,"column":45}},{"start":{"line":208,"column":49},"end":{"line":208,"column":75}}],"line":208}},"s":{"0":48,"1":48,"2":48,"3":48,"4":48,"5":48,"6":48,"7":48,"8":84,"9":84,"10":10,"11":94,"12":94,"13":93,"14":93,"15":93,"16":93,"17":93,"18":24,"19":24,"20":24,"21":24,"22":24,"23":6,"24":6,"25":6,"26":6,"27":6,"28":6,"29":6,"30":6,"31":1,"32":5,"33":5,"34":5,"35":3,"36":3,"37":3,"38":3,"39":3,"40":1,"41":1,"42":88,"43":85,"44":85,"45":6,"46":85,"47":90,"48":90,"49":7,"50":7,"51":49,"52":49,"53":49,"54":49,"55":49,"56":9,"57":9,"58":9,"59":4,"60":4,"61":4,"62":5,"63":4,"64":5,"65":7,"66":7,"67":7,"68":7,"69":3,"70":3,"71":3,"72":7,"73":2,"74":5,"75":3,"76":7,"77":36,"78":36,"79":36,"80":36,"81":36,"82":36,"83":36,"84":72,"85":72,"86":72,"87":9,"88":9,"89":9,"90":9,"91":9,"92":9,"93":9,"94":72,"95":72,"96":72,"97":72,"98":84,"99":84,"100":38,"101":38,"102":84,"103":81,"104":81,"105":9,"106":9,"107":9},"f":{"0":48,"1":84,"2":10,"3":94,"4":93,"5":24,"6":6,"7":6,"8":3,"9":1,"10":88,"11":90,"12":7,"13":1,"14":49,"15":9,"16":5,"17":7,"18":36,"19":72,"20":9,"21":9,"22":9,"23":72,"24":84,"25":81,"26":9},"b":{"0":[1,5],"1":[1],"2":[85,3],"3":[6,79],"4":[49],"5":[49],"6":[4,5],"7":[1,3],"8":[4,1],"9":[1],"10":[3,4],"11":[2,1],"12":[2,5],"13":[3,2],"14":[35,1],"15":[36,2],"16":[36,8],"17":[1],"18":[38,46],"19":[9,9]},"_coverageSchema":"332fd63041d2c1bcb487cc26dd0d5f7d97098a6c","hash":"3f7a12658719d86f9df43c6d8f3f203a508dcea2"}
,"/Users/hanpei/Sites/my-components/src/picker/utils.js": {"path":"/Users/hanpei/Sites/my-components/src/picker/utils.js","statementMap":{"0":{"start":{"line":2,"column":2},"end":{"line":4,"column":3}},"1":{"start":{"line":3,"column":4},"end":{"line":3,"column":26}},"2":{"start":{"line":5,"column":2},"end":{"line":5,"column":40}},"3":{"start":{"line":9,"column":15},"end":{"line":9,"column":34}},"4":{"start":{"line":10,"column":2},"end":{"line":10,"column":25}},"5":{"start":{"line":10,"column":13},"end":{"line":10,"column":25}},"6":{"start":{"line":11,"column":13},"end":{"line":11,"column":31}},"7":{"start":{"line":12,"column":14},"end":{"line":12,"column":33}},"8":{"start":{"line":13,"column":12},"end":{"line":13,"column":26}},"9":{"start":{"line":14,"column":14},"end":{"line":14,"column":29}},"10":{"start":{"line":15,"column":16},"end":{"line":15,"column":33}},"11":{"start":{"line":16,"column":16},"end":{"line":16,"column":33}},"12":{"start":{"line":17,"column":2},"end":{"line":23,"column":44}}},"fnMap":{"0":{"name":"paddingLeft","decl":{"start":{"line":1,"column":16},"end":{"line":1,"column":27}},"loc":{"start":{"line":1,"column":41},"end":{"line":6,"column":1}},"line":1},"1":{"name":"formatTimestamp","decl":{"start":{"line":8,"column":16},"end":{"line":8,"column":31}},"loc":{"start":{"line":8,"column":64},"end":{"line":24,"column":1}},"line":8}},"branchMap":{"0":{"loc":{"start":{"line":2,"column":2},"end":{"line":4,"column":3}},"type":"if","locations":[{"start":{"line":2,"column":2},"end":{"line":4,"column":3}},{"start":{"line":2,"column":2},"end":{"line":4,"column":3}}],"line":2},"1":{"loc":{"start":{"line":8,"column":43},"end":{"line":8,"column":62}},"type":"default-arg","locations":[{"start":{"line":8,"column":50},"end":{"line":8,"column":62}}],"line":8},"2":{"loc":{"start":{"line":10,"column":2},"end":{"line":10,"column":25}},"type":"if","locations":[{"start":{"line":10,"column":2},"end":{"line":10,"column":25}},{"start":{"line":10,"column":2},"end":{"line":10,"column":25}}],"line":10}},"s":{"0":665,"1":467,"2":198,"3":2,"4":2,"5":1,"6":1,"7":1,"8":1,"9":1,"10":1,"11":1,"12":1},"f":{"0":665,"1":2},"b":{"0":[467,198],"1":[1],"2":[1,1]},"_coverageSchema":"332fd63041d2c1bcb487cc26dd0d5f7d97098a6c","hash":"f3d55470c5d62118c758cb006393c7f895cd51dd"}
}
