TN:
SF:/Users/hanpei/Sites/my-components/src/picker/DatePicker.js
FN:23,(anonymous_0)
FN:24,(anonymous_1)
FN:25,(anonymous_2)
FN:31,(anonymous_3)
FN:49,(anonymous_4)
FN:66,(anonymous_5)
FN:75,(anonymous_6)
FN:89,(anonymous_7)
FN:107,(anonymous_8)
FN:115,(anonymous_9)
FN:133,(anonymous_10)
FN:162,(anonymous_11)
FN:169,(anonymous_12)
FN:174,(anonymous_13)
FN:178,(anonymous_14)
FN:186,(anonymous_15)
FN:196,(anonymous_16)
FNF:17
FNH:14
FNDA:0,(anonymous_0)
FNDA:0,(anonymous_1)
FNDA:0,(anonymous_2)
FNDA:7,(anonymous_3)
FNDA:7,(anonymous_4)
FNDA:21,(anonymous_5)
FNDA:7,(anonymous_6)
FNDA:7,(anonymous_7)
FNDA:7,(anonymous_8)
FNDA:10,(anonymous_9)
FNDA:13,(anonymous_10)
FNDA:3,(anonymous_11)
FNDA:3,(anonymous_12)
FNDA:6,(anonymous_13)
FNDA:12,(anonymous_14)
FNDA:12,(anonymous_15)
FNDA:1,(anonymous_16)
DA:32,7
DA:33,7
DA:41,7
DA:42,7
DA:43,7
DA:44,7
DA:45,7
DA:46,7
DA:50,7
DA:68,21
DA:76,7
DA:77,7
DA:78,7
DA:80,7
DA:81,1
DA:83,6
DA:84,1
DA:86,5
DA:91,7
DA:96,7
DA:100,7
DA:101,7
DA:102,7
DA:103,7
DA:104,7
DA:108,7
DA:109,7
DA:110,375
DA:112,7
DA:116,10
DA:117,10
DA:118,10
DA:119,10
DA:120,2
DA:122,10
DA:123,2
DA:126,10
DA:127,120
DA:128,120
DA:130,10
DA:134,13
DA:135,13
DA:136,13
DA:137,13
DA:138,13
DA:139,7
DA:141,13
DA:142,1
DA:144,13
DA:145,5
DA:147,13
DA:148,13
DA:149,13
DA:150,2
DA:152,13
DA:153,2
DA:155,13
DA:156,336
DA:157,336
DA:159,13
DA:163,3
DA:164,3
DA:165,3
DA:166,3
DA:167,3
DA:170,3
DA:171,3
DA:172,3
DA:175,6
DA:176,6
DA:179,12
DA:180,12
DA:182,12
DA:183,12
DA:187,12
DA:197,1
DA:198,1
LF:77
LH:77
BRDA:41,0,0,7
BRDA:41,0,1,1
BRDA:42,1,0,7
BRDA:42,1,1,1
BRDA:43,2,0,7
BRDA:43,2,1,1
BRDA:69,3,0,21
BRDA:69,3,1,21
BRDA:69,3,2,21
BRDA:80,4,0,1
BRDA:80,4,1,6
BRDA:83,5,0,1
BRDA:83,5,1,5
BRDA:119,6,0,2
BRDA:119,6,1,8
BRDA:122,7,0,2
BRDA:122,7,1,8
BRDA:134,8,0,13
BRDA:134,8,1,7
BRDA:134,8,2,9
BRDA:138,9,0,7
BRDA:138,9,1,6
BRDA:141,10,0,1
BRDA:141,10,1,12
BRDA:141,11,0,13
BRDA:141,11,1,6
BRDA:144,12,0,5
BRDA:144,12,1,8
BRDA:144,13,0,13
BRDA:144,13,1,6
BRDA:149,14,0,2
BRDA:149,14,1,11
BRDA:149,15,0,13
BRDA:149,15,1,3
BRDA:152,16,0,2
BRDA:152,16,1,11
BRDA:152,17,0,13
BRDA:152,17,1,3
BRF:38
BRH:38
end_of_record
TN:
SF:/Users/hanpei/Sites/my-components/src/picker/Picker.js
FN:17,(anonymous_0)
FN:27,(anonymous_1)
FN:36,(anonymous_2)
FN:47,(anonymous_3)
FN:51,(anonymous_4)
FN:60,(anonymous_5)
FN:78,(anonymous_6)
FN:88,(anonymous_7)
FN:97,(anonymous_8)
FN:107,(anonymous_9)
FN:115,(anonymous_10)
FN:116,(anonymous_11)
FNF:12
FNH:12
FNDA:26,(anonymous_0)
FNDA:26,(anonymous_1)
FNDA:26,(anonymous_2)
FNDA:15,(anonymous_3)
FNDA:52,(anonymous_4)
FNDA:8,(anonymous_5)
FNDA:8,(anonymous_6)
FNDA:52,(anonymous_7)
FNDA:93,(anonymous_8)
FNDA:52,(anonymous_9)
FNDA:52,(anonymous_10)
FNDA:1184,(anonymous_11)
DA:18,26
DA:19,26
DA:24,26
DA:28,26
DA:37,26
DA:38,8
DA:42,8
DA:48,15
DA:52,52
DA:53,52
DA:54,50
DA:56,2
DA:61,8
DA:62,8
DA:64,8
DA:65,5
DA:68,3
DA:70,2
DA:73,1
DA:79,8
DA:81,8
DA:82,8
DA:89,52
DA:90,52
DA:92,52
DA:97,93
DA:107,2
DA:108,52
DA:110,2
DA:115,2
DA:116,52
DA:117,1184
LF:32
LH:32
BRDA:37,0,0,8
BRDA:37,0,1,18
BRDA:53,1,0,50
BRDA:53,1,1,2
BRDA:64,2,0,5
BRDA:64,2,1,3
BRDA:68,3,0,2
BRDA:68,3,1,1
BRF:8
BRH:8
end_of_record
TN:
SF:/Users/hanpei/Sites/my-components/src/picker/Portal.js
FN:13,(anonymous_0)
FN:20,(anonymous_1)
FN:24,(anonymous_2)
FN:25,(anonymous_3)
FN:28,(anonymous_4)
FN:51,(anonymous_5)
FNF:6
FNH:6
FNDA:1,(anonymous_0)
FNDA:1,(anonymous_1)
FNDA:1,(anonymous_2)
FNDA:1,(anonymous_3)
FNDA:2,(anonymous_4)
FNDA:1,(anonymous_5)
DA:14,1
DA:15,1
DA:16,1
DA:17,1
DA:21,1
DA:25,1
DA:29,2
DA:30,2
DA:51,1
DA:52,1
DA:66,1
LF:11
LH:11
BRDA:35,0,0,2
BRDA:35,0,1,1
BRF:2
BRH:2
end_of_record
TN:
SF:/Users/hanpei/Sites/my-components/src/picker/scroller.js
FN:6,(anonymous_0)
FN:17,(anonymous_1)
FN:22,(anonymous_2)
FN:26,(anonymous_3)
FN:31,(anonymous_4)
FN:38,(anonymous_5)
FN:45,(anonymous_6)
FN:53,(anonymous_7)
FN:67,(anonymous_8)
FN:74,(anonymous_9)
FN:78,(anonymous_10)
FN:90,(anonymous_11)
FN:94,(anonymous_12)
FN:98,(anonymous_13)
FN:102,(anonymous_14)
FN:109,(anonymous_15)
FN:120,(anonymous_16)
FN:126,(anonymous_17)
FN:145,(anonymous_18)
FN:156,(anonymous_19)
FN:164,(anonymous_20)
FN:171,(anonymous_21)
FN:175,(anonymous_22)
FN:182,(anonymous_23)
FN:190,(anonymous_24)
FN:199,(anonymous_25)
FN:205,(anonymous_26)
FNF:27
FNH:27
FNDA:48,(anonymous_0)
FNDA:84,(anonymous_1)
FNDA:10,(anonymous_2)
FNDA:94,(anonymous_3)
FNDA:93,(anonymous_4)
FNDA:24,(anonymous_5)
FNDA:6,(anonymous_6)
FNDA:6,(anonymous_7)
FNDA:3,(anonymous_8)
FNDA:1,(anonymous_9)
FNDA:88,(anonymous_10)
FNDA:90,(anonymous_11)
FNDA:7,(anonymous_12)
FNDA:1,(anonymous_13)
FNDA:49,(anonymous_14)
FNDA:9,(anonymous_15)
FNDA:5,(anonymous_16)
FNDA:7,(anonymous_17)
FNDA:36,(anonymous_18)
FNDA:72,(anonymous_19)
FNDA:9,(anonymous_20)
FNDA:9,(anonymous_21)
FNDA:9,(anonymous_22)
FNDA:72,(anonymous_23)
FNDA:84,(anonymous_24)
FNDA:81,(anonymous_25)
FNDA:9,(anonymous_26)
DA:7,48
DA:8,48
DA:9,48
DA:10,48
DA:11,48
DA:12,48
DA:13,48
DA:14,48
DA:18,84
DA:19,84
DA:23,10
DA:27,94
DA:28,94
DA:32,93
DA:33,93
DA:34,93
DA:35,93
DA:36,93
DA:39,24
DA:40,24
DA:41,24
DA:42,24
DA:43,24
DA:46,6
DA:47,6
DA:49,6
DA:50,6
DA:51,6
DA:54,6
DA:55,6
DA:57,6
DA:58,1
DA:60,5
DA:61,5
DA:62,5
DA:68,3
DA:69,3
DA:70,3
DA:71,3
DA:72,3
DA:75,1
DA:76,1
DA:79,88
DA:80,85
DA:81,85
DA:82,6
DA:87,85
DA:91,90
DA:92,90
DA:95,7
DA:96,7
DA:103,49
DA:104,49
DA:105,49
DA:106,49
DA:107,49
DA:110,9
DA:111,9
DA:113,9
DA:114,4
DA:116,4
DA:117,4
DA:121,5
DA:122,4
DA:124,5
DA:127,7
DA:128,7
DA:129,7
DA:130,7
DA:131,3
DA:132,3
DA:133,3
DA:135,7
DA:136,2
DA:137,5
DA:138,3
DA:140,7
DA:146,36
DA:148,36
DA:149,36
DA:150,36
DA:151,36
DA:152,36
DA:153,36
DA:159,72
DA:160,72
DA:161,72
DA:166,9
DA:167,9
DA:168,9
DA:172,9
DA:176,9
DA:177,9
DA:178,9
DA:183,72
DA:184,72
DA:185,72
DA:186,72
DA:191,84
DA:192,84
DA:193,38
DA:194,38
DA:196,84
DA:200,81
DA:201,81
DA:206,9
DA:207,9
DA:208,9
LF:108
LH:108
BRDA:57,0,0,1
BRDA:57,0,1,5
BRDA:78,1,0,1
BRDA:79,2,0,85
BRDA:79,2,1,3
BRDA:81,3,0,6
BRDA:81,3,1,79
BRDA:102,4,0,49
BRDA:102,5,0,49
BRDA:113,6,0,4
BRDA:113,6,1,5
BRDA:115,7,0,1
BRDA:115,7,1,3
BRDA:121,8,0,4
BRDA:121,8,1,1
BRDA:126,9,0,1
BRDA:130,10,0,3
BRDA:130,10,1,4
BRDA:133,11,0,2
BRDA:133,11,1,1
BRDA:135,12,0,2
BRDA:135,12,1,5
BRDA:137,13,0,3
BRDA:137,13,1,2
BRDA:148,14,0,35
BRDA:148,14,1,1
BRDA:149,15,0,36
BRDA:149,15,1,2
BRDA:152,16,0,36
BRDA:152,16,1,8
BRDA:190,17,0,1
BRDA:192,18,0,38
BRDA:192,18,1,46
BRDA:208,19,0,9
BRDA:208,19,1,9
BRF:35
BRH:35
end_of_record
TN:
SF:/Users/hanpei/Sites/my-components/src/picker/utils.js
FN:1,paddingLeft
FN:8,formatTimestamp
FNF:2
FNH:2
FNDA:665,paddingLeft
FNDA:2,formatTimestamp
DA:2,665
DA:3,467
DA:5,198
DA:9,2
DA:10,2
DA:11,1
DA:12,1
DA:13,1
DA:14,1
DA:15,1
DA:16,1
DA:17,1
LF:12
LH:12
BRDA:2,0,0,467
BRDA:2,0,1,198
BRDA:8,1,0,1
BRDA:10,2,0,1
BRDA:10,2,1,1
BRF:5
BRH:5
end_of_record
